2020-03-21 16:16:05,304 ==                    Started                            ==
2020-03-21 16:16:05,305 Working Directory: /home/presdec/Downloads/
2020-03-21 16:16:05,305 ===========================================================
2020-03-21 16:17:56,120 ==                    Started                            ==
2020-03-21 16:17:56,120 Working Directory: /home/presdec/Downloads/
2020-03-21 16:17:56,120 ===========================================================
2020-03-21 16:17:56,120 ===========================================================
2020-03-21 16:17:56,120 Started Moving Files, please be patient.
2020-03-21 16:17:56,120 ===========================================================
2020-03-21 16:18:12,603 ==                    Started                            ==
2020-03-21 16:18:12,603 Working Directory: /home/presdec/Downloads/
2020-03-21 16:18:12,603 ===========================================================
2020-03-21 16:18:16,782 Recursive Confirmed. Deleting Directories.
2020-03-21 16:18:16,782 ===========================================================
2020-03-21 16:18:16,782 Started Moving Files, please be patient.
2020-03-21 16:18:16,782 ===========================================================
2020-03-21 16:23:06,902 ==                    Started                            ==
2020-03-21 16:23:06,902 Working Directory: /home/presdec/Downloads/
2020-03-21 16:23:06,902 ===========================================================
2020-03-21 16:23:11,221 Recursive Confirmed. Deleting Directories.
2020-03-21 16:23:11,222 Moving: ezgif.com-video-to-gif.gif >>> /home/presdec/Downloads//gif
2020-03-21 16:23:11,223 Moving: Salvage - Isaac Hooke.mobi >>> /home/presdec/Downloads//mobi
2020-03-21 16:23:11,223 Moving: github-recovery-codes.txt >>> /home/presdec/Downloads//txt
2020-03-21 16:23:11,223 Moving: 1094289.jpg >>> /home/presdec/Downloads//jpg
2020-03-21 16:23:11,223 Moving: WINDOWS 7 ALL IN ONE(PRE-ACTIVATED).ISO >>> /home/presdec/Downloads//ISO
2020-03-21 16:23:11,224 ===========================================================
2020-03-21 16:23:11,224 Started Moving Files, please be patient.
2020-03-21 16:23:11,224 ===========================================================
2020-03-21 16:24:27,068 ==                    Started                            ==
2020-03-21 16:24:27,068 Working Directory: /home/presdec/Downloads/
2020-03-21 16:24:27,068 ===========================================================
2020-03-21 16:24:32,474 Recursive Confirmed. Deleting Directories.
2020-03-21 16:24:32,476 Moving: ezgif.com-video-to-gif.gif >>> /home/presdec/Downloads//gif
2020-03-21 16:24:32,476 Moving: Salvage - Isaac Hooke.mobi >>> /home/presdec/Downloads//mobi
2020-03-21 16:24:32,476 Moving: github-recovery-codes.txt >>> /home/presdec/Downloads//txt
2020-03-21 16:24:32,476 Moving: 1094289.jpg >>> /home/presdec/Downloads//jpg
2020-03-21 16:24:32,477 Moving: WINDOWS 7 ALL IN ONE(PRE-ACTIVATED).ISO >>> /home/presdec/Downloads//ISO
2020-03-21 16:24:32,477 ===========================================================
2020-03-21 16:24:32,477 Started Moving Files, please be patient.
2020-03-21 16:24:32,477 ===========================================================
